2023-12-18 23:12:704 INFO  StartPage :32 - clickOnStart: [[ChromeDriver: chrome on windows (8d80679bb6e35c1ab469be4282e208e9)] -> xpath: //a[@class='gem-c-button govuk-button govuk-button--start']]
2023-12-18 23:12:280 INFO  SelectNationalityPage :34 - checkCountryAvailable: [[ChromeDriver: chrome on windows (8d80679bb6e35c1ab469be4282e208e9)] -> id: response]
2023-12-18 23:12:248 INFO  StartPage :32 - clickOnStart: [[ChromeDriver: chrome on windows (edc7800461957f7b1b59d146d8b7b16a)] -> xpath: //a[@class='gem-c-button govuk-button govuk-button--start']]
2023-12-18 23:12:786 INFO  SelectNationalityPage :34 - checkCountryAvailable: [[ChromeDriver: chrome on windows (edc7800461957f7b1b59d146d8b7b16a)] -> id: response]
2023-12-18 23:12:214 INFO  StartPage :32 - clickOnStart: [[ChromeDriver: chrome on windows (a7b6fd38b16a0d4e13686c1d06c4cb32)] -> xpath: //a[@class='gem-c-button govuk-button govuk-button--start']]
2023-12-18 23:12:957 INFO  SelectNationalityPage :34 - checkCountryAvailable: [[ChromeDriver: chrome on windows (a7b6fd38b16a0d4e13686c1d06c4cb32)] -> id: response]
2023-12-18 23:12:610 INFO  StartPage :32 - clickOnStart: [[ChromeDriver: chrome on windows (b51dde2370cbd3d8e5e1e82b84e21622)] -> xpath: //a[@class='gem-c-button govuk-button govuk-button--start']]
2023-12-18 23:12:142 INFO  SelectNationalityPage :34 - checkCountryAvailable: [[ChromeDriver: chrome on windows (b51dde2370cbd3d8e5e1e82b84e21622)] -> id: response]
2023-12-18 23:12:237 INFO  StartPage :32 - clickOnStart: [[ChromeDriver: chrome on windows (deda3187a1cd5c68de88216c3abb1647)] -> xpath: //a[@class='gem-c-button govuk-button govuk-button--start']]
2023-12-18 23:12:734 INFO  SelectNationalityPage :34 - checkCountryAvailable: [[ChromeDriver: chrome on windows (deda3187a1cd5c68de88216c3abb1647)] -> id: response]
2023-12-18 23:12:52 INFO  StartPage :32 - clickOnStart: [[ChromeDriver: chrome on windows (fef076dae379b647882af15e3518d0d8)] -> xpath: //a[@class='gem-c-button govuk-button govuk-button--start']]
2023-12-18 23:12:597 INFO  SelectNationalityPage :34 - checkCountryAvailable: [[ChromeDriver: chrome on windows (fef076dae379b647882af15e3518d0d8)] -> id: response]
2023-12-18 23:12:427 INFO  StartPage :32 - clickOnStart: [[ChromeDriver: chrome on windows (6c54893ab1b42744ed5e57af531b02ce)] -> xpath: //a[@class='gem-c-button govuk-button govuk-button--start']]
2023-12-18 23:12:942 INFO  SelectNationalityPage :34 - checkCountryAvailable: [[ChromeDriver: chrome on windows (6c54893ab1b42744ed5e57af531b02ce)] -> id: response]
2023-12-18 23:12:892 INFO  StartPage :32 - clickOnStart: [[ChromeDriver: chrome on windows (094dbc1abc738b22be1bf5a7e01d86de)] -> xpath: //a[@class='gem-c-button govuk-button govuk-button--start']]
2023-12-18 23:12:401 INFO  SelectNationalityPage :34 - checkCountryAvailable: [[ChromeDriver: chrome on windows (094dbc1abc738b22be1bf5a7e01d86de)] -> id: response]
2023-12-18 23:12:161 INFO  StartPage :32 - clickOnStart: [[ChromeDriver: chrome on windows (49b454b019fa89ab034c18e3638fe26d)] -> xpath: //a[@class='gem-c-button govuk-button govuk-button--start']]
2023-12-18 23:12:713 INFO  SelectNationalityPage :34 - checkCountryAvailable: [[ChromeDriver: chrome on windows (49b454b019fa89ab034c18e3638fe26d)] -> id: response]
2023-12-18 23:12:447 INFO  StartPage :32 - clickOnStart: [[ChromeDriver: chrome on windows (e8f497e2cb6bed3691f427ab50ae703f)] -> xpath: //a[@class='gem-c-button govuk-button govuk-button--start']]
2023-12-18 23:12:924 INFO  SelectNationalityPage :34 - checkCountryAvailable: [[ChromeDriver: chrome on windows (e8f497e2cb6bed3691f427ab50ae703f)] -> id: response]
2023-12-18 23:12:219 INFO  StartPage :32 - clickOnStart: [[ChromeDriver: chrome on windows (8cb9a20bfe61aca19689b5050e700afe)] -> xpath: //a[@class='gem-c-button govuk-button govuk-button--start']]
2023-12-18 23:12:226 INFO  ReasonForTravelPage :37 - selectReason [[ChromeDriver: chrome on windows (8cb9a20bfe61aca19689b5050e700afe)] -> id: response-1]
2023-12-18 23:12:660 INFO  ReasonForTravelPage :58 - verifyText [[ChromeDriver: chrome on windows (8cb9a20bfe61aca19689b5050e700afe)] -> xpath: //h2[normalize-space()='You will not need a visa to come to the UK']]
2023-12-18 23:12:850 INFO  StartPage :32 - clickOnStart: [[ChromeDriver: chrome on windows (2f1f28e2aeb3d179f385a0ae807526f5)] -> xpath: //a[@class='gem-c-button govuk-button govuk-button--start']]
2023-12-18 23:12:904 INFO  ReasonForTravelPage :37 - selectReason [[ChromeDriver: chrome on windows (2f1f28e2aeb3d179f385a0ae807526f5)] -> id: response-1]
2023-12-18 23:12:978 INFO  DurationOfStayPage :22 - selectIntentionToStay [[ChromeDriver: chrome on windows (2f1f28e2aeb3d179f385a0ae807526f5)] -> id: response-1]
2023-12-18 23:12:364 INFO  WorkTypePage :30 - selectPlanningToWork: [[ChromeDriver: chrome on windows (2f1f28e2aeb3d179f385a0ae807526f5)] -> id: response-0]
2023-12-18 23:12:867 INFO  WorkTypePage :38 - verifyTextVisaToWork: [[ChromeDriver: chrome on windows (2f1f28e2aeb3d179f385a0ae807526f5)] -> css selector: body > div:nth-child(6) > div:nth-child(1) > main:nth-child(1) > div:nth-child(1) > div:nth-child(1) > div:nth-child(2) > div:nth-child(1) > h2:nth-child(1)]
2023-12-18 23:12:883 INFO  StartPage :32 - clickOnStart: [[ChromeDriver: chrome on windows (fbe1003c1175b2562e6f2f296383dec2)] -> xpath: //a[@class='gem-c-button govuk-button govuk-button--start']]
2023-12-18 23:12:103 INFO  ReasonForTravelPage :37 - selectReason [[ChromeDriver: chrome on windows (fbe1003c1175b2562e6f2f296383dec2)] -> id: response-1]
2023-12-18 23:12:579 INFO  WorkTypePage :42 - verifyYouMayNeedVisa: [[ChromeDriver: chrome on windows (fbe1003c1175b2562e6f2f296383dec2)] -> css selector: body div[id='wrapper'] div[class='smart_answer'] main[id='content'] div[class='govuk-grid-row'] div[id='result-info'] div[data-flow-name='check-uk-visa'] div[class='govuk-!-margin-bottom-6'] h2:nth-child(1)]
2023-12-19 16:12:422 INFO  StartPage :32 - clickOnStart: [[ChromeDriver: chrome on windows (5136c1854d010ab2fee684e7116904cd)] -> xpath: //a[@class='gem-c-button govuk-button govuk-button--start']]
2023-12-19 16:12:782 INFO  SelectNationalityPage :34 - checkCountryAvailable: [[ChromeDriver: chrome on windows (5136c1854d010ab2fee684e7116904cd)] -> id: response]
2023-12-19 16:12:968 INFO  StartPage :32 - clickOnStart: [[ChromeDriver: chrome on windows (a2574c894ee06d487413628c7655f493)] -> xpath: //a[@class='gem-c-button govuk-button govuk-button--start']]
2023-12-19 16:12:288 INFO  SelectNationalityPage :34 - checkCountryAvailable: [[ChromeDriver: chrome on windows (a2574c894ee06d487413628c7655f493)] -> id: response]
2023-12-19 16:12:918 INFO  StartPage :32 - clickOnStart: [[ChromeDriver: chrome on windows (dbad17a1ca81d674cf96b49d9ffdbc93)] -> xpath: //a[@class='gem-c-button govuk-button govuk-button--start']]
2023-12-19 16:12:284 INFO  SelectNationalityPage :34 - checkCountryAvailable: [[ChromeDriver: chrome on windows (dbad17a1ca81d674cf96b49d9ffdbc93)] -> id: response]
2023-12-19 16:12:50 INFO  StartPage :32 - clickOnStart: [[ChromeDriver: chrome on windows (d6abb7b8b47f4d46b55d8d9ff63c3021)] -> xpath: //a[@class='gem-c-button govuk-button govuk-button--start']]
2023-12-19 16:12:360 INFO  SelectNationalityPage :34 - checkCountryAvailable: [[ChromeDriver: chrome on windows (d6abb7b8b47f4d46b55d8d9ff63c3021)] -> id: response]
2023-12-19 16:12:159 INFO  StartPage :32 - clickOnStart: [[ChromeDriver: chrome on windows (0b28928e384805b0a137a8479e46fb83)] -> xpath: //a[@class='gem-c-button govuk-button govuk-button--start']]
2023-12-19 16:12:520 INFO  SelectNationalityPage :34 - checkCountryAvailable: [[ChromeDriver: chrome on windows (0b28928e384805b0a137a8479e46fb83)] -> id: response]
2023-12-19 16:12:126 INFO  StartPage :32 - clickOnStart: [[ChromeDriver: chrome on windows (efb9d5e6080f12a58a9c6a1042bf574c)] -> xpath: //a[@class='gem-c-button govuk-button govuk-button--start']]
2023-12-19 16:12:546 INFO  SelectNationalityPage :34 - checkCountryAvailable: [[ChromeDriver: chrome on windows (efb9d5e6080f12a58a9c6a1042bf574c)] -> id: response]
2023-12-19 16:12:368 INFO  StartPage :32 - clickOnStart: [[ChromeDriver: chrome on windows (4a0aa9880c0de02d6391579276e3b8a9)] -> xpath: //a[@class='gem-c-button govuk-button govuk-button--start']]
2023-12-19 16:12:688 INFO  SelectNationalityPage :34 - checkCountryAvailable: [[ChromeDriver: chrome on windows (4a0aa9880c0de02d6391579276e3b8a9)] -> id: response]
2023-12-19 16:12:195 INFO  StartPage :32 - clickOnStart: [[ChromeDriver: chrome on windows (933fc5042d215f263ecc9b270769dcd6)] -> xpath: //a[@class='gem-c-button govuk-button govuk-button--start']]
2023-12-19 16:12:469 INFO  SelectNationalityPage :34 - checkCountryAvailable: [[ChromeDriver: chrome on windows (933fc5042d215f263ecc9b270769dcd6)] -> id: response]
2023-12-19 16:12:287 INFO  StartPage :32 - clickOnStart: [[ChromeDriver: chrome on windows (d3ca16d5be67dbe33d50109f9f8c2dbd)] -> xpath: //a[@class='gem-c-button govuk-button govuk-button--start']]
2023-12-19 16:12:637 INFO  SelectNationalityPage :34 - checkCountryAvailable: [[ChromeDriver: chrome on windows (d3ca16d5be67dbe33d50109f9f8c2dbd)] -> id: response]
2023-12-19 16:12:194 INFO  StartPage :32 - clickOnStart: [[ChromeDriver: chrome on windows (feb43deb3cd9cd9321639b0fc6c0daa3)] -> xpath: //a[@class='gem-c-button govuk-button govuk-button--start']]
2023-12-19 16:12:500 INFO  SelectNationalityPage :34 - checkCountryAvailable: [[ChromeDriver: chrome on windows (feb43deb3cd9cd9321639b0fc6c0daa3)] -> id: response]
2023-12-19 16:12:434 INFO  StartPage :32 - clickOnStart: [[ChromeDriver: chrome on windows (9beb17626bf89fc5b148edbca7fed59c)] -> xpath: //a[@class='gem-c-button govuk-button govuk-button--start']]
2023-12-19 16:12:194 INFO  ReasonForTravelPage :37 - selectReason [[ChromeDriver: chrome on windows (9beb17626bf89fc5b148edbca7fed59c)] -> id: response-1]
2023-12-19 16:12:639 INFO  ReasonForTravelPage :58 - verifyText [[ChromeDriver: chrome on windows (9beb17626bf89fc5b148edbca7fed59c)] -> xpath: //h2[normalize-space()='You will not need a visa to come to the UK']]
2023-12-19 16:12:26 INFO  StartPage :32 - clickOnStart: [[ChromeDriver: chrome on windows (c5eecc88b49e633840b9063a1811d029)] -> xpath: //a[@class='gem-c-button govuk-button govuk-button--start']]
2023-12-19 16:12:685 INFO  ReasonForTravelPage :37 - selectReason [[ChromeDriver: chrome on windows (c5eecc88b49e633840b9063a1811d029)] -> id: response-1]
2023-12-19 16:12:788 INFO  DurationOfStayPage :22 - selectIntentionToStay [[ChromeDriver: chrome on windows (c5eecc88b49e633840b9063a1811d029)] -> id: response-1]
2023-12-19 16:12:171 INFO  WorkTypePage :30 - selectPlanningToWork: [[ChromeDriver: chrome on windows (c5eecc88b49e633840b9063a1811d029)] -> id: response-0]
2023-12-19 16:12:625 INFO  WorkTypePage :38 - verifyTextVisaToWork: [[ChromeDriver: chrome on windows (c5eecc88b49e633840b9063a1811d029)] -> css selector: body > div:nth-child(6) > div:nth-child(1) > main:nth-child(1) > div:nth-child(1) > div:nth-child(1) > div:nth-child(2) > div:nth-child(1) > h2:nth-child(1)]
2023-12-19 16:12:564 INFO  StartPage :32 - clickOnStart: [[ChromeDriver: chrome on windows (9feaf1cbdc2800e13923a95b4b93c11c)] -> xpath: //a[@class='gem-c-button govuk-button govuk-button--start']]
2023-12-19 16:12:215 INFO  ReasonForTravelPage :37 - selectReason [[ChromeDriver: chrome on windows (9feaf1cbdc2800e13923a95b4b93c11c)] -> id: response-1]
2023-12-19 16:12:728 INFO  WorkTypePage :42 - verifyYouMayNeedVisa: [[ChromeDriver: chrome on windows (9feaf1cbdc2800e13923a95b4b93c11c)] -> css selector: body div[id='wrapper'] div[class='smart_answer'] main[id='content'] div[class='govuk-grid-row'] div[id='result-info'] div[data-flow-name='check-uk-visa'] div[class='govuk-!-margin-bottom-6'] h2:nth-child(1)]
2023-12-19 16:12:237 INFO  StartPage :32 - clickOnStart: [[ChromeDriver: chrome on windows (9faccfea711e1eddf6347cecfb53d14f)] -> xpath: //a[@class='gem-c-button govuk-button govuk-button--start']]
2023-12-19 16:12:90 INFO  SelectNationalityPage :34 - checkCountryAvailable: [[ChromeDriver: chrome on windows (9faccfea711e1eddf6347cecfb53d14f)] -> id: response]
2023-12-19 16:12:19 INFO  StartPage :32 - clickOnStart: [[ChromeDriver: chrome on windows (d152d9e0a134e7bc9be64d8282c9a37a)] -> xpath: //a[@class='gem-c-button govuk-button govuk-button--start']]
2023-12-19 16:12:331 INFO  SelectNationalityPage :34 - checkCountryAvailable: [[ChromeDriver: chrome on windows (d152d9e0a134e7bc9be64d8282c9a37a)] -> id: response]
2023-12-19 16:12:365 INFO  StartPage :32 - clickOnStart: [[ChromeDriver: chrome on windows (0a59ceb71214c427aab074d26a3c8c52)] -> xpath: //a[@class='gem-c-button govuk-button govuk-button--start']]
2023-12-19 16:12:735 INFO  SelectNationalityPage :34 - checkCountryAvailable: [[ChromeDriver: chrome on windows (0a59ceb71214c427aab074d26a3c8c52)] -> id: response]
2023-12-19 16:12:600 INFO  StartPage :32 - clickOnStart: [[ChromeDriver: chrome on windows (d9233c3f0d1988e36bb1824f5652dd8f)] -> xpath: //a[@class='gem-c-button govuk-button govuk-button--start']]
2023-12-19 16:12:896 INFO  SelectNationalityPage :34 - checkCountryAvailable: [[ChromeDriver: chrome on windows (d9233c3f0d1988e36bb1824f5652dd8f)] -> id: response]
2023-12-19 16:12:289 INFO  StartPage :32 - clickOnStart: [[ChromeDriver: chrome on windows (e9cbc4d7fd180a669cb0c3f951429ea8)] -> xpath: //a[@class='gem-c-button govuk-button govuk-button--start']]
2023-12-19 16:12:601 INFO  SelectNationalityPage :34 - checkCountryAvailable: [[ChromeDriver: chrome on windows (e9cbc4d7fd180a669cb0c3f951429ea8)] -> id: response]
2023-12-19 16:12:152 INFO  StartPage :32 - clickOnStart: [[ChromeDriver: chrome on windows (75920b64ad826034f4c39552c9554ce0)] -> xpath: //a[@class='gem-c-button govuk-button govuk-button--start']]
2023-12-19 16:12:541 INFO  SelectNationalityPage :34 - checkCountryAvailable: [[ChromeDriver: chrome on windows (75920b64ad826034f4c39552c9554ce0)] -> id: response]
2023-12-19 16:12:889 INFO  StartPage :32 - clickOnStart: [[ChromeDriver: chrome on windows (181b61b9f179015d8231bf41f5344c57)] -> xpath: //a[@class='gem-c-button govuk-button govuk-button--start']]
2023-12-19 16:12:214 INFO  SelectNationalityPage :34 - checkCountryAvailable: [[ChromeDriver: chrome on windows (181b61b9f179015d8231bf41f5344c57)] -> id: response]
2023-12-19 16:12:644 INFO  StartPage :32 - clickOnStart: [[ChromeDriver: chrome on windows (f65e0ce55c8859c19f885c5a34d8d48d)] -> xpath: //a[@class='gem-c-button govuk-button govuk-button--start']]
2023-12-19 16:12:03 INFO  SelectNationalityPage :34 - checkCountryAvailable: [[ChromeDriver: chrome on windows (f65e0ce55c8859c19f885c5a34d8d48d)] -> id: response]
2023-12-19 16:12:522 INFO  StartPage :32 - clickOnStart: [[ChromeDriver: chrome on windows (b50e11dd1f84fa8ec62abf6c3e49715e)] -> xpath: //a[@class='gem-c-button govuk-button govuk-button--start']]
2023-12-19 16:12:862 INFO  SelectNationalityPage :34 - checkCountryAvailable: [[ChromeDriver: chrome on windows (b50e11dd1f84fa8ec62abf6c3e49715e)] -> id: response]
2023-12-19 16:12:809 INFO  StartPage :32 - clickOnStart: [[ChromeDriver: chrome on windows (f699213735493003f41454b0b30700be)] -> xpath: //a[@class='gem-c-button govuk-button govuk-button--start']]
2023-12-19 16:12:197 INFO  SelectNationalityPage :34 - checkCountryAvailable: [[ChromeDriver: chrome on windows (f699213735493003f41454b0b30700be)] -> id: response]
2023-12-19 16:12:678 INFO  StartPage :32 - clickOnStart: [[ChromeDriver: chrome on windows (05d52f0d3c2799f45e1e7c60c049b2b7)] -> xpath: //a[@class='gem-c-button govuk-button govuk-button--start']]
2023-12-19 16:12:469 INFO  ReasonForTravelPage :37 - selectReason [[ChromeDriver: chrome on windows (05d52f0d3c2799f45e1e7c60c049b2b7)] -> id: response-1]
2023-12-19 16:12:997 INFO  ReasonForTravelPage :58 - verifyText [[ChromeDriver: chrome on windows (05d52f0d3c2799f45e1e7c60c049b2b7)] -> xpath: //h2[normalize-space()='You will not need a visa to come to the UK']]
2023-12-19 16:12:785 INFO  StartPage :32 - clickOnStart: [[ChromeDriver: chrome on windows (3893673e9bd99b0bc9335aa065d5d981)] -> xpath: //a[@class='gem-c-button govuk-button govuk-button--start']]
2023-12-19 16:12:462 INFO  ReasonForTravelPage :37 - selectReason [[ChromeDriver: chrome on windows (3893673e9bd99b0bc9335aa065d5d981)] -> id: response-1]
2023-12-19 16:12:579 INFO  DurationOfStayPage :22 - selectIntentionToStay [[ChromeDriver: chrome on windows (3893673e9bd99b0bc9335aa065d5d981)] -> id: response-1]
2023-12-19 16:12:79 INFO  WorkTypePage :30 - selectPlanningToWork: [[ChromeDriver: chrome on windows (3893673e9bd99b0bc9335aa065d5d981)] -> id: response-0]
2023-12-19 16:12:520 INFO  WorkTypePage :38 - verifyTextVisaToWork: [[ChromeDriver: chrome on windows (3893673e9bd99b0bc9335aa065d5d981)] -> css selector: body > div:nth-child(6) > div:nth-child(1) > main:nth-child(1) > div:nth-child(1) > div:nth-child(1) > div:nth-child(2) > div:nth-child(1) > h2:nth-child(1)]
2023-12-19 16:12:377 INFO  StartPage :32 - clickOnStart: [[ChromeDriver: chrome on windows (7a173e5be3efdd1e95b4046ec5cb0282)] -> xpath: //a[@class='gem-c-button govuk-button govuk-button--start']]
2023-12-19 16:12:183 INFO  ReasonForTravelPage :37 - selectReason [[ChromeDriver: chrome on windows (7a173e5be3efdd1e95b4046ec5cb0282)] -> id: response-1]
2023-12-19 16:12:691 INFO  WorkTypePage :42 - verifyYouMayNeedVisa: [[ChromeDriver: chrome on windows (7a173e5be3efdd1e95b4046ec5cb0282)] -> css selector: body div[id='wrapper'] div[class='smart_answer'] main[id='content'] div[class='govuk-grid-row'] div[id='result-info'] div[data-flow-name='check-uk-visa'] div[class='govuk-!-margin-bottom-6'] h2:nth-child(1)]
